2024-04-18 10:59:09,301 INFO main:24 Application starts up...
2024-04-18 11:00:15,883 INFO main:24 Application starts up...
2024-04-18 11:02:29,167 INFO main:24 Application starts up...
2024-04-18 11:03:18,653 INFO main:24 Application starts up...
2024-04-18 11:03:30,796 INFO main:24 Application starts up...
2024-04-18 11:03:36,695 INFO main:24 Application starts up...
2024-04-18 11:04:28,155 INFO main:24 Application starts up...
2024-04-18 11:04:32,050 INFO main:24 Application starts up...
2024-04-18 11:04:34,575 INFO main:24 Application starts up...
2024-04-18 11:04:37,164 INFO main:24 Application starts up...
2024-04-18 11:04:38,479 INFO main:24 Application starts up...
2024-04-18 11:04:40,478 INFO main:24 Application starts up...
2024-04-18 11:04:44,317 INFO main:24 Application starts up...
2024-04-18 11:04:59,119 INFO main:24 Application starts up...
2024-04-18 11:05:04,432 INFO main:24 Application starts up...
2024-04-18 11:05:10,156 INFO main:24 Application starts up...
2024-04-18 11:08:43,130 INFO main:24 Application starts up...
2024-04-18 11:09:26,548 INFO main:24 Application starts up...
2024-04-18 11:09:31,939 INFO main:24 Application starts up...
2024-04-18 11:10:46,361 INFO main:24 Application starts up...
2024-04-18 11:10:56,701 INFO main:24 Application starts up...
2024-04-18 11:11:09,175 INFO main:24 Application starts up...
2024-04-18 11:11:50,381 INFO main:24 Application starts up...
2024-04-18 11:12:23,625 INFO main:24 Application starts up...
2024-04-18 11:12:39,662 INFO main:24 Application starts up...
2024-04-18 11:13:30,378 INFO main:24 Application starts up...
2024-04-18 11:13:39,148 INFO main:24 Application starts up...
2024-04-18 11:13:59,846 INFO routes.user:53 User admin@admin.com is signing into the system.
2024-04-18 11:14:00,186 WARN routes.user:68 	 User admin@admin.com signed in.
2024-04-18 11:17:26,262 INFO main:24 Application starts up...
2024-04-18 11:17:38,792 INFO main:24 Application starts up...
2024-04-18 11:17:56,953 INFO main:24 Application starts up...
2024-04-18 11:18:27,784 INFO main:24 Application starts up...
2024-04-18 11:18:30,549 INFO main:24 Application starts up...
2024-04-18 11:18:55,861 INFO main:24 Application starts up...
2024-04-18 11:19:11,382 INFO main:24 Application starts up...
2024-04-18 11:19:24,181 INFO main:24 Application starts up...
2024-04-18 11:19:27,635 INFO main:24 Application starts up...
2024-04-18 11:19:36,087 INFO main:24 Application starts up...
2024-04-18 11:19:41,548 INFO main:24 Application starts up...
2024-04-18 11:19:43,496 INFO main:24 Application starts up...
2024-04-18 11:20:21,976 INFO routes.user:53 User admin@admin.com is signing into the system.
2024-04-18 11:20:22,319 INFO routes.user:68 User admin@admin.com signed in.
2024-04-18 11:21:21,040 INFO main:24 Application starts up...
2024-04-18 11:23:25,640 INFO main:24 Application starts up...
2024-04-18 11:23:50,206 INFO main:24 Application starts up...
2024-04-18 12:33:49,859 INFO main:24 Application starts up...
2024-04-18 12:33:51,352 INFO routes.note:33 Viewing 2 notes for jacksonmgrant@gmail.com
2024-04-18 12:33:51,499 INFO routes.note:33 Viewing 2 notes for jacksonmgrant@gmail.com
2024-04-18 12:38:57,934 INFO main:24 Application starts up...
2024-04-18 12:39:33,321 INFO routes.user:54 User jacksonmgrant@gmail.com is signing into the system.
2024-04-18 12:39:33,679 INFO routes.user:69 User jacksonmgrant@gmail.com signed in.
2024-04-18 12:39:33,809 INFO routes.note:33 Viewing 2 notes for jacksonmgrant@gmail.com
2024-04-18 12:39:34,016 INFO routes.note:33 Viewing 2 notes for jacksonmgrant@gmail.com
2024-04-18 12:44:21,393 INFO main:24 Application starts up...
2024-04-18 12:44:26,829 INFO routes.note:33 Viewing 2 notes for jacksonmgrant@gmail.com
2024-04-18 12:44:27,014 INFO routes.note:33 Viewing 2 notes for jacksonmgrant@gmail.com
2024-04-18 12:45:10,020 INFO main:24 Application starts up...
2024-04-18 12:45:19,629 INFO main:24 Application starts up...
2024-04-18 12:45:24,587 INFO main:24 Application starts up...
2024-04-18 12:45:33,603 INFO main:24 Application starts up...
2024-04-18 12:46:10,348 INFO main:24 Application starts up...
2024-04-18 12:46:19,775 INFO main:24 Application starts up...
2024-04-18 12:46:26,523 INFO main:24 Application starts up...
2024-04-18 12:46:31,560 INFO main:24 Application starts up...
2024-04-18 12:46:35,945 INFO main:24 Application starts up...
2024-04-18 12:46:41,209 INFO main:24 Application starts up...
2024-04-18 12:46:43,617 INFO main:24 Application starts up...
2024-04-18 12:47:05,980 INFO routes.note:33 Viewing 2 notes for jacksonmgrant@gmail.com
2024-04-18 12:47:06,164 INFO routes.note:33 Viewing 2 notes for jacksonmgrant@gmail.com
2024-04-18 12:47:12,757 INFO routes.note:39 User 66119545e3baf3d485e8fda6 is creating a note.
2024-04-18 12:49:23,957 INFO main:24 Application starts up...
2024-04-18 12:49:29,634 INFO main:24 Application starts up...
2024-04-18 12:49:34,307 INFO main:24 Application starts up...
2024-04-18 12:49:41,609 INFO main:24 Application starts up...
2024-04-18 12:49:44,244 INFO main:24 Application starts up...
2024-04-18 12:49:52,673 INFO main:24 Application starts up...
2024-04-18 12:50:02,195 INFO main:24 Application starts up...
2024-04-18 12:50:04,496 INFO main:24 Application starts up...
2024-04-18 12:50:27,326 INFO routes.note:35 Viewing 2 notes for jacksonmgrant@gmail.com
2024-04-18 12:50:27,486 INFO routes.note:35 Viewing 2 notes for jacksonmgrant@gmail.com
2024-04-18 12:50:48,267 INFO main:24 Application starts up...
2024-04-18 12:50:52,122 INFO routes.note:35 Viewing 2 notes for jacksonmgrant@gmail.com
2024-04-18 12:50:52,281 INFO routes.note:35 Viewing 2 notes for jacksonmgrant@gmail.com
2024-04-18 12:50:57,125 INFO routes.note:41 User jacksonmgrant@gmail.com is creating a note.
2024-04-18 12:51:23,254 INFO main:24 Application starts up...
2024-04-18 12:51:26,706 INFO main:24 Application starts up...
2024-04-18 12:51:34,360 INFO routes.note:35 Viewing 2 notes for jacksonmgrant@gmail.com
2024-04-18 12:51:34,531 INFO routes.note:35 Viewing 2 notes for jacksonmgrant@gmail.com
2024-04-18 12:51:43,367 INFO routes.note:41 User jacksonmgrant@gmail.com is creating a note.
2024-04-18 12:51:43,407 INFO routes.note:47 New note #66215daf6b120b08ab27078e created.
2024-04-18 12:51:43,631 INFO routes.note:35 Viewing 3 notes for jacksonmgrant@gmail.com
